[2019-04-23 22:19:05,872] INFO [ControllerEventThread controllerId=0] Starting (kafka.controller.ControllerEventManager$ControllerEventThread)
[2019-04-23 22:19:05,956] INFO [Controller id=0] 0 successfully elected as the controller. Epoch incremented to 1 and epoch zk version is now 1 (kafka.controller.KafkaController)
[2019-04-23 22:19:05,957] INFO [Controller id=0] Registering handlers (kafka.controller.KafkaController)
[2019-04-23 22:19:05,964] INFO [Controller id=0] Deleting log dir event notifications (kafka.controller.KafkaController)
[2019-04-23 22:19:05,970] INFO [Controller id=0] Deleting isr change notifications (kafka.controller.KafkaController)
[2019-04-23 22:19:05,975] INFO [Controller id=0] Initializing controller context (kafka.controller.KafkaController)
[2019-04-23 22:19:06,070] INFO [Controller id=0] Initialized broker epochs cache: Map(0 -> 24) (kafka.controller.KafkaController)
[2019-04-23 22:19:06,082] DEBUG [Controller id=0] Register BrokerModifications handler for Set(0) (kafka.controller.KafkaController)
[2019-04-23 22:19:06,101] DEBUG [Channel manager on controller 0]: Controller 0 trying to connect to broker 0 (kafka.controller.ControllerChannelManager)
[2019-04-23 22:19:06,122] INFO [RequestSendThread controllerId=0] Starting (kafka.controller.RequestSendThread)
[2019-04-23 22:19:06,123] INFO [Controller id=0] Partitions being reassigned: Map() (kafka.controller.KafkaController)
[2019-04-23 22:19:06,125] INFO [Controller id=0] Currently active brokers in the cluster: Set(0) (kafka.controller.KafkaController)
[2019-04-23 22:19:06,126] INFO [Controller id=0] Currently shutting brokers in the cluster: Set() (kafka.controller.KafkaController)
[2019-04-23 22:19:06,127] INFO [Controller id=0] Current list of topics in the cluster: Set() (kafka.controller.KafkaController)
[2019-04-23 22:19:06,128] INFO [Controller id=0] Fetching topic deletions in progress (kafka.controller.KafkaController)
[2019-04-23 22:19:06,135] INFO [Controller id=0] List of topics to be deleted:  (kafka.controller.KafkaController)
[2019-04-23 22:19:06,136] INFO [Controller id=0] List of topics ineligible for deletion:  (kafka.controller.KafkaController)
[2019-04-23 22:19:06,137] INFO [Controller id=0] Initializing topic deletion manager (kafka.controller.KafkaController)
[2019-04-23 22:19:06,137] INFO [Controller id=0] Sending update metadata request (kafka.controller.KafkaController)
[2019-04-23 22:19:06,164] INFO [ReplicaStateMachine controllerId=0] Initializing replica state (kafka.controller.ReplicaStateMachine)
[2019-04-23 22:19:06,167] INFO [ReplicaStateMachine controllerId=0] Triggering online replica state changes (kafka.controller.ReplicaStateMachine)
[2019-04-23 22:19:06,184] INFO [RequestSendThread controllerId=0] Controller 0 connected to 10.0.75.1:9092 (id: 0 rack: null) for sending state change requests (kafka.controller.RequestSendThread)
[2019-04-23 22:19:06,185] INFO [ReplicaStateMachine controllerId=0] Started replica state machine with initial state -> Map() (kafka.controller.ReplicaStateMachine)
[2019-04-23 22:19:06,186] INFO [PartitionStateMachine controllerId=0] Initializing partition state (kafka.controller.PartitionStateMachine)
[2019-04-23 22:19:06,187] INFO [PartitionStateMachine controllerId=0] Triggering online partition state changes (kafka.controller.PartitionStateMachine)
[2019-04-23 22:19:06,197] INFO [PartitionStateMachine controllerId=0] Started partition state machine with initial state -> Map() (kafka.controller.PartitionStateMachine)
[2019-04-23 22:19:06,198] INFO [Controller id=0] Ready to serve as the new controller with epoch 1 (kafka.controller.KafkaController)
[2019-04-23 22:19:06,203] INFO [Controller id=0] Removing partitions Set() from the list of reassigned partitions in zookeeper (kafka.controller.KafkaController)
[2019-04-23 22:19:06,204] INFO [Controller id=0] No more partitions need to be reassigned. Deleting zk path /admin/reassign_partitions (kafka.controller.KafkaController)
[2019-04-23 22:19:06,217] INFO [Controller id=0] Partitions undergoing preferred replica election:  (kafka.controller.KafkaController)
[2019-04-23 22:19:06,218] INFO [Controller id=0] Partitions that completed preferred replica election:  (kafka.controller.KafkaController)
[2019-04-23 22:19:06,219] INFO [Controller id=0] Skipping preferred replica election for partitions due to topic deletion:  (kafka.controller.KafkaController)
[2019-04-23 22:19:06,220] INFO [Controller id=0] Resuming preferred replica election for partitions:  (kafka.controller.KafkaController)
[2019-04-23 22:19:06,223] INFO [Controller id=0] Starting preferred replica leader election for partitions  (kafka.controller.KafkaController)
[2019-04-23 22:19:06,283] INFO [Controller id=0] Starting the controller scheduler (kafka.controller.KafkaController)
[2019-04-23 22:19:11,287] TRACE [Controller id=0] Checking need to trigger auto leader balancing (kafka.controller.KafkaController)
[2019-04-23 22:19:11,291] DEBUG [Controller id=0] Preferred replicas by broker Map() (kafka.controller.KafkaController)
[2019-04-23 22:19:56,184] INFO [Controller id=0] Shutting down broker 0 (kafka.controller.KafkaController)
[2019-04-23 22:19:56,185] DEBUG [Controller id=0] All shutting down brokers: 0 (kafka.controller.KafkaController)
[2019-04-23 22:19:56,186] DEBUG [Controller id=0] Live brokers:  (kafka.controller.KafkaController)
[2019-04-23 22:19:56,194] TRACE [Controller id=0] All leaders =  (kafka.controller.KafkaController)
[2019-04-23 22:19:57,405] INFO [ControllerEventThread controllerId=0] Shutting down (kafka.controller.ControllerEventManager$ControllerEventThread)
[2019-04-23 22:19:57,405] INFO [ControllerEventThread controllerId=0] Stopped (kafka.controller.ControllerEventManager$ControllerEventThread)
[2019-04-23 22:19:57,405] INFO [ControllerEventThread controllerId=0] Shutdown completed (kafka.controller.ControllerEventManager$ControllerEventThread)
[2019-04-23 22:19:57,406] DEBUG [Controller id=0] Resigning (kafka.controller.KafkaController)
[2019-04-23 22:19:57,407] DEBUG [Controller id=0] Unregister BrokerModifications handler for Set(0) (kafka.controller.KafkaController)
[2019-04-23 22:19:57,411] INFO [PartitionStateMachine controllerId=0] Stopped partition state machine (kafka.controller.PartitionStateMachine)
[2019-04-23 22:19:57,412] INFO [ReplicaStateMachine controllerId=0] Stopped replica state machine (kafka.controller.ReplicaStateMachine)
[2019-04-23 22:19:57,413] INFO [RequestSendThread controllerId=0] Shutting down (kafka.controller.RequestSendThread)
[2019-04-23 22:19:57,414] INFO [RequestSendThread controllerId=0] Stopped (kafka.controller.RequestSendThread)
[2019-04-23 22:19:57,414] INFO [RequestSendThread controllerId=0] Shutdown completed (kafka.controller.RequestSendThread)
[2019-04-23 22:19:57,418] INFO [Controller id=0] Resigned (kafka.controller.KafkaController)
